{"total": {"lines":{"total":47,"covered":41,"skipped":0,"pct":87.23},"statements":{"total":47,"covered":41,"skipped":0,"pct":87.23},"functions":{"total":10,"covered":8,"skipped":0,"pct":80},"branches":{"total":31,"covered":26,"skipped":0,"pct":83.87},"branchesTrue":{"total":0,"covered":0,"skipped":0,"pct":100}}
,"/home/z/my-project/src/config/index.ts": {"lines":{"total":12,"covered":12,"skipped":0,"pct":100},"functions":{"total":1,"covered":1,"skipped":0,"pct":100},"statements":{"total":12,"covered":12,"skipped":0,"pct":100},"branches":{"total":19,"covered":17,"skipped":0,"pct":89.47}}
,"/home/z/my-project/src/services/server.ts": {"lines":{"total":18,"covered":14,"skipped":0,"pct":77.77},"functions":{"total":3,"covered":2,"skipped":0,"pct":66.66},"statements":{"total":18,"covered":14,"skipped":0,"pct":77.77},"branches":{"total":5,"covered":3,"skipped":0,"pct":60}}
,"/home/z/my-project/src/utils/logger.ts": {"lines":{"total":17,"covered":15,"skipped":0,"pct":88.23},"functions":{"total":6,"covered":5,"skipped":0,"pct":83.33},"statements":{"total":17,"covered":15,"skipped":0,"pct":88.23},"branches":{"total":7,"covered":6,"skipped":0,"pct":85.71}}
}
