TN:
SF:src/config/index.ts
FN:12,loadConfig
FNF:1
FNH:1
FNDA:8,loadConfig
DA:13,8
DA:15,8
DA:16,15
DA:17,2
DA:21,6
DA:22,6
DA:25,6
DA:26,1
DA:32,5
DA:33,5
DA:34,1
DA:37,4
LF:12
LH:12
BRDA:16,0,0,2
BRDA:21,1,0,6
BRDA:21,1,1,1
BRDA:22,2,0,6
BRDA:22,2,1,5
BRDA:25,3,0,1
BRDA:25,4,0,6
BRDA:25,4,1,3
BRDA:32,5,0,5
BRDA:32,5,1,0
BRDA:33,6,0,1
BRDA:33,7,0,5
BRDA:33,7,1,2
BRDA:38,8,0,4
BRDA:38,8,1,2
BRDA:40,9,0,4
BRDA:40,9,1,4
BRDA:41,10,0,4
BRDA:41,10,1,0
BRF:19
BRH:17
end_of_record
TN:
SF:src/services/server.ts
FN:10,createServer
FN:11,(anonymous_1)
FN:31,(anonymous_2)
FNF:3
FNH:2
FNDA:4,createServer
FNDA:3,(anonymous_1)
FNDA:0,(anonymous_2)
DA:11,4
DA:13,3
DA:14,3
DA:15,3
DA:16,3
DA:17,3
DA:20,3
DA:21,2
DA:22,2
DA:23,2
DA:27,1
DA:28,1
DA:31,4
DA:32,0
DA:33,0
DA:34,0
DA:36,0
DA:40,4
LF:18
LH:14
BRDA:20,0,0,2
BRDA:20,1,0,3
BRDA:20,1,1,2
BRDA:32,2,0,0
BRDA:32,2,1,0
BRF:5
BRH:3
end_of_record
TN:
SF:src/utils/logger.ts
FN:13,shouldLog
FN:17,formatMessage
FN:27,(anonymous_2)
FN:32,(anonymous_3)
FN:37,(anonymous_4)
FN:42,(anonymous_5)
FNF:6
FNH:5
FNDA:5,shouldLog
FNDA:5,formatMessage
FNDA:0,(anonymous_2)
FNDA:3,(anonymous_3)
FNDA:1,(anonymous_4)
FNDA:1,(anonymous_5)
DA:4,2
DA:11,2
DA:14,5
DA:18,5
DA:19,5
DA:20,5
DA:21,1
DA:23,4
DA:26,2
DA:28,0
DA:29,0
DA:33,3
DA:34,3
DA:38,1
DA:39,1
DA:43,1
DA:44,1
LF:17
LH:15
BRDA:11,0,0,2
BRDA:11,0,1,2
BRDA:20,1,0,1
BRDA:28,2,0,0
BRDA:33,3,0,3
BRDA:38,4,0,1
BRDA:43,5,0,1
BRF:7
BRH:6
end_of_record
